<?xml version="1.0" encoding="UTF-8"?>
<testsuite xmlns:xsi="http://www.w3.org/2001/XMLSchema-instance" xsi:noNamespaceSchemaLocation="https://maven.apache.org/surefire/maven-surefire-plugin/xsd/surefire-test-report-3.0.xsd" version="3.0" name="com.example.helloworld.AppTest" time="0.022" tests="1" errors="0" skipped="0" failures="0">
  <properties>
    <property name="java.specification.version" value="21"/>
    <property name="sun.cpu.isalist" value="amd64"/>
    <property name="sun.jnu.encoding" value="Cp1252"/>
    <property name="java.class.path" value="D:\COURSES\DevOps\Wiz4Host\Project-3\hello-world\target\test-classes;D:\COURSES\DevOps\Wiz4Host\Project-3\hello-world\target\classes;C:\Users\Vishal Shrivastava\.m2\repository\junit\junit\3.8.1\junit-3.8.1.jar;"/>
    <property name="java.vm.vendor" value="Eclipse Adoptium"/>
    <property name="sun.arch.data.model" value="64"/>
    <property name="user.variant" value=""/>
    <property name="java.vendor.url" value="https://adoptium.net/"/>
    <property name="user.timezone" value="Asia/Calcutta"/>
    <property name="os.name" value="Windows 11"/>
    <property name="java.vm.specification.version" value="21"/>
    <property name="sun.java.launcher" value="SUN_STANDARD"/>
    <property name="user.country" value="IN"/>
    <property name="sun.boot.library.path" value="D:\Java - jdk\bin"/>
    <property name="sun.java.command" value="C:\Users\Vishal Shrivastava\AppData\Local\Temp\surefire10883755161467217556\surefirebooter-20250411152831411_3.jar C:\Users\Vishal Shrivastava\AppData\Local\Temp\surefire10883755161467217556 2025-04-11T15-28-30_990-jvmRun1 surefire-20250411152831411_1tmp surefire_0-20250411152831411_2tmp"/>
    <property name="jdk.debug" value="release"/>
    <property name="surefire.test.class.path" value="D:\COURSES\DevOps\Wiz4Host\Project-3\hello-world\target\test-classes;D:\COURSES\DevOps\Wiz4Host\Project-3\hello-world\target\classes;C:\Users\Vishal Shrivastava\.m2\repository\junit\junit\3.8.1\junit-3.8.1.jar;"/>
    <property name="sun.cpu.endian" value="little"/>
    <property name="user.home" value="C:\Users\Vishal Shrivastava"/>
    <property name="user.language" value="en"/>
    <property name="java.specification.vendor" value="Oracle Corporation"/>
    <property name="java.version.date" value="2024-10-15"/>
    <property name="java.home" value="D:\Java - jdk"/>
    <property name="file.separator" value="\"/>
    <property name="basedir" value="D:\COURSES\DevOps\Wiz4Host\Project-3\hello-world"/>
    <property name="java.vm.compressedOopsMode" value="Zero based"/>
    <property name="line.separator" value="&#10;"/>
    <property name="java.vm.specification.vendor" value="Oracle Corporation"/>
    <property name="java.specification.name" value="Java Platform API Specification"/>
    <property name="surefire.real.class.path" value="C:\Users\Vishal Shrivastava\AppData\Local\Temp\surefire10883755161467217556\surefirebooter-20250411152831411_3.jar"/>
    <property name="user.script" value=""/>
    <property name="sun.management.compiler" value="HotSpot 64-Bit Tiered Compilers"/>
    <property name="java.runtime.version" value="21.0.5+11-LTS"/>
    <property name="user.name" value="Vishal Shrivastava"/>
    <property name="stdout.encoding" value="Cp1252"/>
    <property name="path.separator" value=";"/>
    <property name="os.version" value="10.0"/>
    <property name="java.runtime.name" value="OpenJDK Runtime Environment"/>
    <property name="file.encoding" value="UTF-8"/>
    <property name="java.vm.name" value="OpenJDK 64-Bit Server VM"/>
    <property name="java.vendor.version" value="Temurin-21.0.5+11"/>
    <property name="localRepository" value="C:\Users\Vishal Shrivastava\.m2\repository"/>
    <property name="java.vendor.url.bug" value="https://github.com/adoptium/adoptium-support/issues"/>
    <property name="java.io.tmpdir" value="C:\Users\VISHAL~1\AppData\Local\Temp\"/>
    <property name="java.version" value="21.0.5"/>
    <property name="user.dir" value="D:\COURSES\DevOps\Wiz4Host\Project-3\hello-world"/>
    <property name="os.arch" value="amd64"/>
    <property name="java.vm.specification.name" value="Java Virtual Machine Specification"/>
    <property name="sun.os.patch.level" value=""/>
    <property name="native.encoding" value="Cp1252"/>
    <property name="java.library.path" value="D:\Java - jdk\bin;C:\WINDOWS\Sun\Java\bin;C:\WINDOWS\system32;C:\WINDOWS;C:\Users\Vishal Shrivastava\bin;D:\GIT\Git\mingw64\bin;D:\GIT\Git\usr\local\bin;D:\GIT\Git\usr\bin;D:\GIT\Git\usr\bin;D:\GIT\Git\mingw64\bin;D:\GIT\Git\usr\bin;C:\Users\Vishal Shrivastava\bin;D:\Java - jdk\bin;D:\Java - jdk\bin;C:\Program Files\Amazon Corretto\jdk17.0.13_11\bin;C:\Program Files (x86)\VMware\VMware Workstation\bin;C:\Program Files\Amazon Corretto\jdk11.0.24_8\bin;C:\WINDOWS\system32;C:\WINDOWS;C:\WINDOWS\System32\Wbem;C:\WINDOWS\System32\WindowsPowerShell\v1.0;C:\WINDOWS\System32\OpenSSH;C:\Program Files\dotnet;D:\PuTTY;C:\ProgramData\chocolatey\bin;C:\ProgramData\chocolatey\lib\maven\apache-maven-3.9.9\bin;C:\Program Files\Amazon\AWSCLIV2;D:\terraform_1.9.8_windows_amd64;C:\Program Files\Microsoft VS Code\bin;D:\GIT\Git\cmd;D:\Node.js;C:\Program Files\Vagrant\bin;C:\Program Files\PowerShell\7-preview\preview;C:\Program Files\PowerShell\7;C:\Program Files\Docker\Docker\resources\bin;C:\Users\Vishal Shrivastava\AppData\Local\Programs\oh-my-posh\bin;C:\Users\Vishal Shrivastava\AppData\Local\Programs\Python\Launcher;C:\Users\Vishal Shrivastava\AppData\Local\Microsoft\WindowsApps;D:\Python\Python PyCharm\PyCharm Community Edition 2024.1.4\bin;D:\VirtualBox;C:\Users\Vishal Shrivastava\AppData\Roaming\npm;D:\GIT\Git\usr\bin\vendor_perl;D:\GIT\Git\usr\bin\core_perl;."/>
    <property name="java.vm.info" value="mixed mode, sharing"/>
    <property name="stderr.encoding" value="Cp1252"/>
    <property name="java.vendor" value="Eclipse Adoptium"/>
    <property name="java.vm.version" value="21.0.5+11-LTS"/>
    <property name="sun.io.unicode.encoding" value="UnicodeLittle"/>
    <property name="java.class.version" value="65.0"/>
  </properties>
  <testcase name="testApp" classname="com.example.helloworld.AppTest" time="0.003"/>
</testsuite>